[07:59:00] [main/INFO]: Loading Minecraft 1.21.11 with Fabric Loader 0.18.4
[07:59:00] [ForkJoinPool-1-worker-9/WARN]: Mod cpm uses the version 0.6.25c which isn't compatible with Loader's extended semantic version format (Could not parse version number component '25c'!), SemVer is recommended for reliably evaluating dependencies and prioritizing newer version
[07:59:00] [ForkJoinPool-1-worker-6/WARN]: The mod "resourceconfigapi" contains invalid entries in its mod json:
- Unsupported root entry "accesswidener" at line 16 column 20
[07:59:01] [main/WARN]: Warnings were found!
 - Mod 'Forge Config API Port' (forgeconfigapiport) 21.11.1 recommends any version of modmenu, which is missing!
	 - You should install any version of modmenu for the optimal experience.
[07:59:01] [main/INFO]: Loading 72 mods:
	- always_eat 1.1.0
	- appleskin 3.0.8+mc1.21.11
	- better_climbing 5
	- cloth-config 21.11.153
	   \-- cloth-basic-math 0.6.1
	- clumps 29.0.0.1
	- commonnetworking 1.0.22-1.21.11
	- cpm 0.6.25c
	- distanthorizons 2.4.5-b
	   |-- fabric-api-base 1.0.5+4ebb5c0853
	   |-- fabric-key-binding-api-v1 1.1.7+4fc5413f53
	   |-- fabric-lifecycle-events-v1 2.6.15+4ebb5c0853
	   |-- fabric-rendering-v1 16.2.5+1fb1cde953
	   |-- fabric-resource-loader-v0 3.3.4+4fc5413f53
	   |-- fabric-resource-loader-v1 1.0.10+78c8b46653
	   \-- fabric-screen-api-v1 3.1.7+4ebb5c0853
	- entityculling 1.9.5
	   |-- transition 1.0.11
	   \-- trender 1.0.10
	- fabric-api 0.141.2+1.21.11
	   |-- fabric-api-lookup-api-v1 1.6.113+1fb1cde93e
	   |-- fabric-biome-api-v1 17.1.1+4fc5413f3e
	   |-- fabric-block-api-v1 1.1.10+4ebb5c083e
	   |-- fabric-block-view-api-v2 1.0.39+4ebb5c083e
	   |-- fabric-command-api-v2 2.4.7+6b42a6003e
	   |-- fabric-content-registries-v0 10.2.14+4fc5413f3e
	   |-- fabric-convention-tags-v1 2.1.55+7f945d5b3e
	   |-- fabric-convention-tags-v2 2.17.3+8ef948ba3e
	   |-- fabric-crash-report-info-v1 0.3.23+4ebb5c083e
	   |-- fabric-data-attachment-api-v1 1.8.47+eed0806f3e
	   |-- fabric-data-generation-api-v1 23.4.0+69974c4e3e
	   |-- fabric-dimensions-v1 4.0.28+4fc5413f3e
	   |-- fabric-entity-events-v1 3.1.1+1d0ab4303e
	   |-- fabric-events-interaction-v0 4.1.0+3b89ecf63e
	   |-- fabric-game-rule-api-v1 2.0.3+4fc5413f3e
	   |-- fabric-item-api-v1 11.5.20+d0c46b9e3e
	   |-- fabric-item-group-api-v1 4.2.36+4fc5413f3e
	   |-- fabric-key-binding-api-v1 1.1.7+4fc5413f3e
	   |-- fabric-loot-api-v2 3.0.73+3f89f5a53e
	   |-- fabric-loot-api-v3 2.0.20+78c8b4663e
	   |-- fabric-message-api-v1 6.1.12+4ebb5c083e
	   |-- fabric-model-loading-api-v1 6.0.14+4fc5413f3e
	   |-- fabric-networking-api-v1 5.1.5+ae1e07683e
	   |-- fabric-object-builder-api-v1 21.1.39+4fc5413f3e
	   |-- fabric-particles-v1 4.2.11+4fc5413f3e
	   |-- fabric-recipe-api-v1 8.2.3+4ebb5c083e
	   |-- fabric-registry-sync-v0 6.2.5+1718722b3e
	   |-- fabric-renderer-api-v1 8.0.2+f4ffd2e53e
	   |-- fabric-renderer-indigo 5.0.2+f4ffd2e53e
	   |-- fabric-rendering-fluids-v1 3.1.43+4ebb5c083e
	   |-- fabric-rendering-v1 16.2.9+7edacff13e
	   |-- fabric-resource-conditions-api-v1 5.0.35+4fc5413f3e
	   |-- fabric-screen-api-v1 3.1.7+4ebb5c083e
	   |-- fabric-screen-handler-api-v1 1.3.161+4fc5413f3e
	   |-- fabric-serialization-api-v1 1.0.5+4ebb5c083e
	   |-- fabric-sound-api-v1 1.0.51+4fc5413f3e
	   |-- fabric-tag-api-v1 1.2.20+4fc5413f3e
	   |-- fabric-transfer-api-v1 6.0.24+4fc5413f3e
	   \-- fabric-transitive-access-wideners-v1 7.1.0+014c8cec3e
	- fabricloader 0.18.4
	   \-- mixinextras 0.5.0
	- forgeconfigapiport 21.11.1
	   |-- com_electronwill_night-config_core 3.8.3
	   \-- com_electronwill_night-config_toml 3.8.3
	- jade 21.1.1+fabric
	- java 25
	- jei 27.4.0.15
	- konkrete 1.9.14
	   |-- com_jayway_jsonpath_json-path 2.9.0
	   |-- net_minidev_json-smart 2.6.0
	   \-- net_objecthunter_exp4j 0.4.8
	- lithium 0.21.2+mc1.21.11
	- melody 1.0.15
	- minecraft 1.21.11
	- mr_ore_veinminer 1.0
	- mr_tree_veinminer 1.1
	- notenoughanimations 1.11.1
	   |-- transition 1.0.11
	   \-- trender 1.0.10
	- puzzleslib 21.11.6
	- resource_backpacks 1.21.11-1.4.0
	- resourceconfigapi 1.21.11-3.9.2
	- resourcelibrary 1.21.11-2.10.0
	- sound_physics_remastered 1.21.11-1.5.1
[07:59:01] [main/INFO]: SpongePowered MIXIN Subsystem Version=0.8.7 Source=file:/data/libraries/net/fabricmc/sponge-mixin/0.17.0+mixin.0.8.7/sponge-mixin-0.17.0+mixin.0.8.7.jar Service=Knot/Fabric Env=SERVER
[07:59:01] [main/INFO]: Compatibility level set to JAVA_21
[07:59:01] [main/WARN]: Reference map 'better_climbing.refmap.json' for better_climbing.xplat_mixins.json could not be read. If this is a development environment you can ignore this message
[07:59:01] [main/WARN]: Reference map 'clumps.refmap.json' for clumps.mixins.json could not be read. If this is a development environment you can ignore this message
[07:59:01] [main/INFO]: Loaded configuration file for Lithium: 164 options available, 0 override(s) found.
[07:59:02] [main/WARN]: Reference map 'resource_backpacks.refmap.json' for resource_backpacks.mixins.json could not be read. If this is a development environment you can ignore this message
[07:59:02] [main/WARN]: Reference map 'resourceconfigapi.refmap.json' for resourceconfigapi.mixins.json could not be read. If this is a development environment you can ignore this message
[07:59:02] [main/WARN]: Reference map 'resourcelibrary.refmap.json' for resourcelibrary.mixins.json could not be read. If this is a development environment you can ignore this message
[07:59:02] [main/WARN]: Reference map 'resourcelibrary.refmap.json' for resourcelibrary.fabric.mixins.json could not be read. If this is a development environment you can ignore this message
[07:59:03] [main/INFO]: Initializing MixinExtras via com.llamalad7.mixinextras.service.MixinExtrasServiceImpl(version=0.5.0).
[07:59:13] [main/INFO]: Customizable Player Models Initialized
[07:59:13] [main/INFO]: Customizable Player Models API initialized: Loaded plugins: (0)

[07:59:14] [main/INFO]: [KONKRETE] Loading v1.9.14 in server-side mode on FABRIC!
[07:59:14] [main/INFO]: [KONKRETE] Server-side modules initialized and ready to use!
[07:59:14] [main/WARN]: [MELODY] Disabling Melody since it's loaded server-side.
[07:59:14] [main/INFO]: Constructing components for puzzleslib:common
[07:59:14] [main/INFO]: Config 'appearance.json' from type 'CLIENT' was skipped.
[07:59:14] [main/INFO]: Initializing Distant Horizons server, firing DhApiBeforeDhInitEvent event...
[07:59:14] [main/INFO]: Running library validation...
[07:59:14] [main/INFO]: Garbage collectors: [G1 Young Generation, G1 Concurrent GC, G1 Old Generation]
[07:59:14] [main/WARN]: Distant Horizons: G1 Garbage collector detected. 
This garbage collector can cause FPS stuttering. 
It's recommended to use a concurrent garbage collector 
like ZGC (Java 21+) or Shenandoah (Java 8 through 17) for a smoother experience. 

[07:59:14] [main/INFO]: Distant Horizons, Version: 2.4.5-b
[07:59:14] [main/INFO]: Registering Fabric Server Events
[07:59:14] [main/INFO]: Skipping mod compatibility accessor for: [starlight]
[07:59:14] [main/INFO]: Skipping mod compatibility accessor for: [optifine]
[07:59:14] [main/INFO]: Skipping mod compatibility accessor for: [bclib]
[07:59:14] [main/INFO]: Skipping mod compatibility accessor for: [c2me]
[07:59:14] [main/INFO]: Skipping mod compatibility accessor for: [iris]
[07:59:14] [main/INFO]: Distant Horizons server Initialized, adding event subscribers...
[07:59:15] [main/INFO]: Environment: Environment[sessionHost=https://sessionserver.mojang.com, servicesHost=https://api.minecraftservices.com, profilesHost=https://api.mojang.com, name=PROD]
[07:59:18] [main/INFO]: Loaded 1477 recipes
[07:59:18] [main/ERROR]: Failed to load function stm:fortune_effect
java.util.concurrent.CompletionException: java.lang.IllegalArgumentException: Can't parse function line 1: 'execute if block ~ ~ ~ air run return fail'
	at java.base/java.util.concurrent.CompletableFuture.wrapInCompletionException(Unknown Source)
	at java.base/java.util.concurrent.CompletableFuture.encodeThrowable(Unknown Source)
	at java.base/java.util.concurrent.CompletableFuture.completeThrowable(Unknown Source)
	at java.base/java.util.concurrent.CompletableFuture$AsyncSupply.run(Unknown Source)
	at knot//net.minecraft.class_4014.method_67576(class_4014.java:51)
	at java.base/java.util.concurrent.ForkJoinTask$RunnableExecuteAction.compute(Unknown Source)
	at java.base/java.util.concurrent.ForkJoinTask$RunnableExecuteAction.compute(Unknown Source)
	at java.base/java.util.concurrent.ForkJoinTask$InterruptibleTask.exec(Unknown Source)
	at java.base/java.util.concurrent.ForkJoinTask.doExec(Unknown Source)
	at java.base/java.util.concurrent.ForkJoinPool$WorkQueue.topLevelExec(Unknown Source)
	at java.base/java.util.concurrent.ForkJoinPool.runWorker(Unknown Source)
	at java.base/java.util.concurrent.ForkJoinWorkerThread.run(Unknown Source)
Caused by: java.lang.IllegalArgumentException: Can't parse function line 1: 'execute if block ~ ~ ~ air run return fail'
	at knot//net.minecraft.class_8867.method_54421(class_8867.java:49)
	at knot//net.minecraft.class_2158.method_9195(class_2158.java:75)
	at knot//net.minecraft.class_5349.method_29451(class_5349.java:85)
	... 9 more
Caused by: java.lang.IllegalArgumentException: No variables in macro
	at knot//net.minecraft.class_8873.method_54432(class_8873.java:36)
	at knot//net.minecraft.class_8867.method_54421(class_8867.java:47)
	... 11 more
[07:59:18] [main/ERROR]: Failed to load function stm:silk_touch_effect
java.util.concurrent.CompletionException: java.lang.IllegalArgumentException: Whilst parsing command on line 3: Malformed 'minecraft:enchantments' component: 'Not a number; Failed to get element minecraft:levels missed input: {levels:{"minecraft:silk_touch":1}}' at position 75: ...hantments=<--[HERE]
	at java.base/java.util.concurrent.CompletableFuture.wrapInCompletionException(Unknown Source)
	at java.base/java.util.concurrent.CompletableFuture.encodeThrowable(Unknown Source)
	at java.base/java.util.concurrent.CompletableFuture.completeThrowable(Unknown Source)
	at java.base/java.util.concurrent.CompletableFuture$AsyncSupply.run(Unknown Source)
	at knot//net.minecraft.class_4014.method_67576(class_4014.java:51)
	at java.base/java.util.concurrent.ForkJoinTask$RunnableExecuteAction.compute(Unknown Source)
	at java.base/java.util.concurrent.ForkJoinTask$RunnableExecuteAction.compute(Unknown Source)
	at java.base/java.util.concurrent.ForkJoinTask$InterruptibleTask.exec(Unknown Source)
	at java.base/java.util.concurrent.ForkJoinTask.doExec(Unknown Source)
	at java.base/java.util.concurrent.ForkJoinPool$WorkQueue.topLevelExec(Unknown Source)
	at java.base/java.util.concurrent.ForkJoinPool.runWorker(Unknown Source)
	at java.base/java.util.concurrent.ForkJoinWorkerThread.run(Unknown Source)
Caused by: java.lang.IllegalArgumentException: Whilst parsing command on line 3: Malformed 'minecraft:enchantments' component: 'Not a number; Failed to get element minecraft:levels missed input: {levels:{"minecraft:silk_touch":1}}' at position 75: ...hantments=<--[HERE]
	at knot//net.minecraft.class_2158.method_9195(class_2158.java:80)
	at knot//net.minecraft.class_5349.method_29451(class_5349.java:85)
	... 9 more
[07:59:18] [main/INFO]: Loaded 1591 advancements
[07:59:19] [main/INFO]: Applied 0 biome modifications to 0 of 65 new biomes in 2.966 ms
[07:59:19] [Server thread/INFO]: Initialising config for [DistantHorizons]
[07:59:19] [Server thread/INFO]: [DistantHorizons] Config initialised
[07:59:19] [Server thread/INFO]: Dimension ignoring disabled, DH will render all dimensions.
[07:59:19] [Server thread/INFO]: Applying config to loggers
[07:59:19] [Server thread/INFO]: Running Delayed setup...
[07:59:19] [Server thread/INFO]: Delayed setup complete, firing DhApiAfterDhInitEvent event...
[07:59:19] [Server thread/INFO]: Checking for Distant Horizons update
[07:59:20] [Server thread/INFO]: Distant Horizons already up to date.
[07:59:20] [Server thread/INFO]: Distant Horizons server Initialized at 
[07:59:20] [Server thread/INFO]: Started [DhServerWorld] of type [SERVER_ONLY].
[07:59:20] [Server thread/INFO]: Starting minecraft server version 1.21.11
[07:59:20] [Server thread/INFO]: Loading properties
[07:59:20] [Server thread/INFO]: Default game type: SURVIVAL
[07:59:20] [Server thread/INFO]: Generating keypair
[07:59:20] [Server thread/INFO]: Starting Minecraft server on *:25565
[07:59:20] [Server thread/INFO]: Preparing level "world"
[07:59:21] [DH-Full Data Migration Thread[0]/INFO]: No migration necessary.
[07:59:21] [Server thread/INFO]: Started DhServerLevel for [Wrapped{ServerLevel[world]@minecraft:overworld}] at [[LocalSaveStructure@(./world/data)]].
[07:59:21] [DH-Request Module Ticker [minecraft:overworld] Thread[0]/INFO]: Batch Chunk Generator initialized
[07:59:21] [DH-Request Module Ticker [minecraft:overworld] Thread[0]/INFO]: Creating world gen queue
[07:59:21] [DH-Request Module Ticker [minecraft:overworld] Thread[0]/INFO]: Created world gen queue
[07:59:21] [DH-Request Module Ticker [minecraft:overworld] Thread[0]/INFO]: Set world gen queue for level [minecraft:overworld].
[07:59:22] [Server thread/INFO]: Selecting global world spawn...
[07:59:23] [DH-Full Data Migration Thread[0]/INFO]: No migration necessary.
[07:59:23] [Server thread/INFO]: Started DhServerLevel for [Wrapped{ServerLevel[world]@minecraft:the_nether}] at [[LocalSaveStructure@(./world/data;./world/DIM-1/data)]].
[07:59:23] [DH-Request Module Ticker [minecraft:the_nether] Thread[0]/INFO]: Batch Chunk Generator initialized
[07:59:23] [DH-Request Module Ticker [minecraft:the_nether] Thread[0]/INFO]: Creating world gen queue
[07:59:23] [DH-Request Module Ticker [minecraft:the_nether] Thread[0]/INFO]: Created world gen queue
[07:59:23] [DH-Request Module Ticker [minecraft:the_nether] Thread[0]/INFO]: Set world gen queue for level [minecraft:the_nether].
[07:59:23] [DH-Full Data Migration Thread[0]/INFO]: No migration necessary.
[07:59:23] [Server thread/INFO]: Started DhServerLevel for [Wrapped{ServerLevel[world]@minecraft:the_end}] at [[LocalSaveStructure@(./world/data;./world/DIM-1/data;./world/DIM1/data)]].
[07:59:24] [DH-Request Module Ticker [minecraft:the_end] Thread[0]/INFO]: Batch Chunk Generator initialized
[07:59:24] [DH-Request Module Ticker [minecraft:the_end] Thread[0]/INFO]: Creating world gen queue
[07:59:24] [DH-Request Module Ticker [minecraft:the_end] Thread[0]/INFO]: Created world gen queue
[07:59:24] [DH-Request Module Ticker [minecraft:the_end] Thread[0]/INFO]: Set world gen queue for level [minecraft:the_end].
[07:59:24] [Server thread/INFO]: Loading 0 persistent chunks...
[07:59:24] [Server thread/INFO]: Preparing spawn area: 100%
[07:59:24] [Server thread/INFO]: Time elapsed: 1815 ms
[07:59:24] [Server thread/INFO]: Done (3.368s)! For help, type "help"
[07:59:24] [Server thread/INFO]: Starting remote control listener
[07:59:24] [Server thread/INFO]: Thread RCON Listener started
[07:59:24] [Server thread/INFO]: RCON running on 0.0.0.0:25575
[07:59:24] [Server thread/INFO]: Start loading plugin from Jade: snownee.jade.addon.core.CorePlugin
[07:59:24] [Server thread/INFO]: Start loading plugin from Jade: snownee.jade.addon.vanilla.VanillaPlugin
[07:59:24] [Server thread/INFO]: Start loading plugin from Jade: snownee.jade.addon.universal.UniversalPlugin
[07:59:24] [Server thread/INFO]: Start loading plugin from Jade: snownee.jade.addon.access.AccessibilityPlugin
[07:59:24] [Server thread/INFO]: Start loading plugin from Jade: snownee.jade.addon.debug.DebugPlugin
[07:59:26] [User Authenticator #1/INFO]: UUID of player Havicish is 7b228752-94ca-457a-be87-c3bcaa657b65
[07:59:28] [Server thread/INFO]: Havicish[/192.168.65.1:34880] logged in with entity id 87 at (-71.47767032456906, 77.0, 46.10833240199501)
[07:59:28] [Server thread/INFO]: Syncing Server Configs with Client
[07:59:28] [Server thread/INFO]: Sending data for Config 'resource_backpacks:common/backpacks'
[07:59:28] [Server thread/INFO]: Sending data for Config 'resource_backpacks:common/chest_loot'
[07:59:28] [Server thread/INFO]: Sending data for Config 'resource_backpacks:common/entity_config'
[07:59:28] [Server thread/INFO]: Player [Havicish] joined.
[07:59:28] [Server thread/INFO]: Havicish joined the game
[07:59:49] [Netty Epoll IO #2/INFO]: Player [Havicish] disconnected.
[07:59:49] [Server thread/INFO]: Havicish lost connection: Disconnected
[07:59:49] [Server thread/INFO]: Havicish left the game
