[03:18:15] [ServerMain/INFO]: Environment: Environment[sessionHost=https://sessionserver.mojang.com, servicesHost=https://api.minecraftservices.com, profilesHost=https://api.mojang.com, name=PROD]
[03:18:21] [ServerMain/INFO]: Loaded 1470 recipes
[03:18:21] [ServerMain/INFO]: Loaded 1584 advancements
[03:18:22] [Server thread/INFO]: Starting minecraft server version 1.21.11
[03:18:22] [Server thread/INFO]: Loading properties
[03:18:22] [Server thread/INFO]: Default game type: SURVIVAL
[03:18:22] [Server thread/INFO]: Generating keypair
[03:18:22] [Server thread/INFO]: Starting Minecraft server on *:25565
[03:18:23] [Server thread/INFO]: Preparing level "world"
[03:18:24] [Server thread/INFO]: Loading 0 persistent chunks...
[03:18:24] [Server thread/INFO]: Preparing spawn area: 100%
[03:18:24] [Server thread/INFO]: Time elapsed: 22 ms
[03:18:24] [Server thread/INFO]: Done (1.570s)! For help, type "help"
[03:18:25] [Server thread/INFO]: Starting remote control listener
[03:18:25] [Server thread/INFO]: Thread RCON Listener started
[03:18:25] [Server thread/INFO]: RCON running on 0.0.0.0:25575
[03:18:36] [RCON Listener #1/INFO]: Thread RCON Client /0:0:0:0:0:0:0:1 started
[03:18:36] [Server thread/INFO]: [Rcon: Stopping the server]
[03:18:36] [RCON Client /0:0:0:0:0:0:0:1 #2/INFO]: Thread RCON Client /0:0:0:0:0:0:0:1 shutting down
[03:18:36] [Server thread/INFO]: Stopping server
[03:18:36] [Server thread/INFO]: Saving players
[03:18:36] [Server thread/INFO]: Saving worlds
[03:18:36] [Server thread/INFO]: Saving chunks for level 'ServerLevel[world]'/minecraft:overworld
[03:18:36] [Server thread/INFO]: Saving chunks for level 'ServerLevel[world]'/minecraft:the_nether
[03:18:36] [Server thread/INFO]: Saving chunks for level 'ServerLevel[world]'/minecraft:the_end
[03:18:36] [Server thread/INFO]: ThreadedAnvilChunkStorage (world): All chunks are saved
[03:18:36] [Server thread/INFO]: ThreadedAnvilChunkStorage (DIM-1): All chunks are saved
[03:18:36] [Server thread/INFO]: ThreadedAnvilChunkStorage (DIM1): All chunks are saved
[03:18:36] [Server thread/INFO]: ThreadedAnvilChunkStorage: All dimensions are saved
[03:18:36] [Server thread/INFO]: Thread RCON Listener stopped
